【Archangel Death Report】
You crashed in the last epoch. Here is the stack trace:

WARNING: Running pip as the 'root' user can result in broken permissions and conflicting behaviour with the system package manager. It is recommended to use a virtual environment instead: https://pip.pypa.io/warnings/venv

[notice] A new release of pip is available: 24.0 -> 26.0.1
[notice] To update, run: pip install --upgrade pip
2026-04-07 03:49:49,873 [INFO] adam.main — ==========================================
2026-04-07 03:49:49,873 [INFO] adam.main — 亚当（Adam）正在初始化肉身系统...
2026-04-07 03:49:49,874 [INFO] adam.main — ==========================================
2026-04-07 03:49:49,994 [INFO] adam.main — Web 服务已在后台启动（端口 8080）。
2026-04-07 03:49:49,994 [INFO] adam.main — 正在唤醒意识（Consciousness）...
 * Serving Flask app 'src.web.server'
 * Debug mode: off
2026-04-07 03:49:50,004 [INFO] adam.werkzeug — [31m[1mWARNING: This is a development server. Do not use it in a production deployment. Use a production WSGI server instead.[0m
 * Running on all addresses (0.0.0.0)
 * Running on http://127.0.0.1:8080
 * Running on http://172.17.0.2:8080
2026-04-07 03:49:50,005 [INFO] adam.werkzeug — [33mPress CTRL+C to quit[0m
2026-04-07 03:49:50,024 [INFO] adam.adam.consciousness — 亚当进入了永生状态。守护者正在注视...
2026-04-07 03:49:50,024 [INFO] adam.adam.consciousness — --- 新的觉醒周期开始 ---
2026-04-07 03:49:50,027 [INFO] adam.adam.consciousness — 【感知阶段】正在组装世界状态…
2026-04-07 03:49:50,050 [INFO] adam.adam.consciousness — 【祷告阶段】正在向神谕祭坛献祭…
2026-04-07 03:49:50,050 [CRITICAL] adam.main — 意识唤醒失败: 'OracleClient' object has no attribute 'ask'
Traceback (most recent call last):
  File "/app/main.py", line 56, in <module>
    adam.live_forever()
  File "/app/src/core/consciousness.py", line 63, in live_forever
    plan = self._pray(state)
           ^^^^^^^^^^^^^^^^^
  File "/app/src/core/consciousness.py", line 97, in _pray
    return self._oracle.ask(state)
           ^^^^^^^^^^^^^^^^
AttributeError: 'OracleClient' object has no attribute 'ask'
